9826
start reading initial embeddings
Initial the embedding randomly!
finish reading initial embeddings
Constructing Trees
Dump the trees to the disk
Initializing network...
Epoch0: d_loss 485.617889 , g_loss 17.665983
Epoch0: generator embedding
Type:  w mr: 5.9155 mrr: 0.281
Type:  l mr: 5.8462 mrr: 0.2853
Type:  t mr: 6.0173 mrr: 0.2679
Epoch0: discriminator embedding
Type:  w mr: 6.127 mrr: 0.2678
Type:  l mr: 6.0467 mrr: 0.2698
Type:  t mr: 6.007 mrr: 0.271
Mr predicting and embedding writing of Epoch0 done!

Epoch1: d_loss 465.759613 , g_loss 14.836046
Epoch1: generator embedding
Type:  w mr: 5.8982 mrr: 0.282
Type:  l mr: 5.8379 mrr: 0.2824
Type:  t mr: 6.0245 mrr: 0.2675
Epoch1: discriminator embedding
Type:  w mr: 6.0542 mrr: 0.2697
Type:  l mr: 5.9527 mrr: 0.2752
Type:  t mr: 6.056 mrr: 0.2642
Mr predicting and embedding writing of Epoch1 done!

Epoch2: d_loss 303.572021 , g_loss 12.095204
Epoch2: generator embedding
Type:  w mr: 5.9051 mrr: 0.2816
Type:  l mr: 5.8683 mrr: 0.2825
Type:  t mr: 6.035 mrr: 0.2686
Epoch2: discriminator embedding
Type:  w mr: 5.9898 mrr: 0.2766
Type:  l mr: 6.0051 mrr: 0.2735
Type:  t mr: 6.0164 mrr: 0.2561
Mr predicting and embedding writing of Epoch2 done!

Epoch3: d_loss 535.043274 , g_loss 9.716775
Epoch3: generator embedding
Type:  w mr: 5.9039 mrr: 0.2812
Type:  l mr: 5.8653 mrr: 0.2824
Type:  t mr: 6.036 mrr: 0.2666
Epoch3: discriminator embedding
Type:  w mr: 6.151 mrr: 0.266
Type:  l mr: 6.1142 mrr: 0.2634
Type:  t mr: 5.9765 mrr: 0.2021
Mr predicting and embedding writing of Epoch3 done!

Epoch4: d_loss 222.573013 , g_loss 7.702884
Epoch4: generator embedding
Type:  w mr: 5.9017 mrr: 0.2817
Type:  l mr: 5.8796 mrr: 0.2807
Type:  t mr: 6.0145 mrr: 0.2691
Epoch4: discriminator embedding
Type:  w mr: 6.1796 mrr: 0.2619
Type:  l mr: 6.087 mrr: 0.2644
Type:  t mr: 5.9753 mrr: 0.1961
Mr predicting and embedding writing of Epoch4 done!

Epoch5: d_loss 434.639740 , g_loss 6.055861
Epoch5: generator embedding
Type:  w mr: 5.8864 mrr: 0.2803
Type:  l mr: 5.8902 mrr: 0.2811
Type:  t mr: 6.016 mrr: 0.2698
Epoch5: discriminator embedding
Type:  w mr: 6.1479 mrr: 0.2647
Type:  l mr: 6.048 mrr: 0.2637
Type:  t mr: 5.9798 mrr: 0.1906
Mr predicting and embedding writing of Epoch5 done!

Epoch6: d_loss 266.387726 , g_loss 4.645446
Epoch6: generator embedding
Type:  w mr: 5.9064 mrr: 0.2805
Type:  l mr: 5.8938 mrr: 0.2784
Type:  t mr: 6.0207 mrr: 0.2693
Epoch6: discriminator embedding
Type:  w mr: 6.1283 mrr: 0.2663
Type:  l mr: 6.0266 mrr: 0.2651
Type:  t mr: 5.9744 mrr: 0.1964
Mr predicting and embedding writing of Epoch6 done!

Epoch7: d_loss 385.946930 , g_loss 3.457028
Epoch7: generator embedding
Type:  w mr: 5.9005 mrr: 0.2812
Type:  l mr: 5.9044 mrr: 0.2801
Type:  t mr: 6.0002 mrr: 0.2693
Epoch7: discriminator embedding
Type:  w mr: 6.0814 mrr: 0.2674
Type:  l mr: 6.0738 mrr: 0.2633
Type:  t mr: 5.9871 mrr: 0.1909
Mr predicting and embedding writing of Epoch7 done!

Epoch8: d_loss 357.084320 , g_loss 2.469085
Epoch8: generator embedding
Type:  w mr: 5.9117 mrr: 0.2802
Type:  l mr: 5.9102 mrr: 0.2802
Type:  t mr: 6.01 mrr: 0.272
Epoch8: discriminator embedding
Type:  w mr: 6.0567 mrr: 0.2716
Type:  l mr: 6.0317 mrr: 0.2631
Type:  t mr: 5.9884 mrr: 0.1981
Mr predicting and embedding writing of Epoch8 done!

Epoch9: d_loss 72.662613 , g_loss 1.773828
Epoch9: generator embedding
Type:  w mr: 5.9229 mrr: 0.2801
Type:  l mr: 5.9287 mrr: 0.2793
Type:  t mr: 6.0015 mrr: 0.2709
Epoch9: discriminator embedding
Type:  w mr: 6.0134 mrr: 0.2754
Type:  l mr: 5.9709 mrr: 0.2679
Type:  t mr: 5.9862 mrr: 0.2008
Mr predicting and embedding writing of Epoch9 done!

Epoch10: d_loss 339.867645 , g_loss 1.357002
Epoch10: generator embedding
Type:  w mr: 5.9218 mrr: 0.2802
Type:  l mr: 5.9032 mrr: 0.2809
Type:  t mr: 6.052 mrr: 0.2684
Epoch10: discriminator embedding
Type:  w mr: 6.0432 mrr: 0.2718
Type:  l mr: 6.0484 mrr: 0.2631
Type:  t mr: 6.0157 mrr: 0.227
Mr predicting and embedding writing of Epoch10 done!

Epoch11: d_loss 62.173935 , g_loss 1.102033
Epoch11: generator embedding
Type:  w mr: 5.9253 mrr: 0.2792
Type:  l mr: 5.9088 mrr: 0.2799
Type:  t mr: 6.0384 mrr: 0.2666
Epoch11: discriminator embedding
Type:  w mr: 6.0064 mrr: 0.2747
Type:  l mr: 5.9589 mrr: 0.2692
Type:  t mr: 6.0387 mrr: 0.2064
Mr predicting and embedding writing of Epoch11 done!

Epoch12: d_loss 264.219513 , g_loss 0.943716
Epoch12: generator embedding
Type:  w mr: 5.9348 mrr: 0.2803
Type:  l mr: 5.9625 mrr: 0.2769
Type:  t mr: 6.013 mrr: 0.2681
Epoch12: discriminator embedding
Type:  w mr: 5.9913 mrr: 0.2757
Type:  l mr: 6.0397 mrr: 0.2638
Type:  t mr: 6.0084 mrr: 0.193
Mr predicting and embedding writing of Epoch12 done!

Epoch13: d_loss 321.011230 , g_loss 0.836534
Epoch13: generator embedding
Type:  w mr: 5.9363 mrr: 0.2786
Type:  l mr: 5.9244 mrr: 0.2789
Type:  t mr: 5.9916 mrr: 0.2694
Epoch13: discriminator embedding
Type:  w mr: 6.0432 mrr: 0.27
Type:  l mr: 5.9625 mrr: 0.2704
Type:  t mr: 6.0152 mrr: 0.2071
Mr predicting and embedding writing of Epoch13 done!

Epoch14: d_loss 172.678787 , g_loss 0.758150
Epoch14: generator embedding
Type:  w mr: 5.9374 mrr: 0.2808
Type:  l mr: 5.9309 mrr: 0.278
Type:  t mr: 5.9943 mrr: 0.2694
Epoch14: discriminator embedding
Type:  w mr: 5.9848 mrr: 0.2766
Type:  l mr: 6.0147 mrr: 0.2688
Type:  t mr: 6.0111 mrr: 0.1976
Mr predicting and embedding writing of Epoch14 done!

Epoch15: d_loss 138.264282 , g_loss 0.695874
Epoch15: generator embedding
Type:  w mr: 5.9332 mrr: 0.2802
Type:  l mr: 5.9221 mrr: 0.2797
Type:  t mr: 5.9654 mrr: 0.2716
Epoch15: discriminator embedding
Type:  w mr: 5.9756 mrr: 0.2772
Type:  l mr: 6.0431 mrr: 0.2679
Type:  t mr: 6.0156 mrr: 0.2291
Mr predicting and embedding writing of Epoch15 done!

Epoch16: d_loss 141.307709 , g_loss 0.645067
Epoch16: generator embedding
Type:  w mr: 5.9502 mrr: 0.2794
Type:  l mr: 5.9154 mrr: 0.2795
Type:  t mr: 5.9813 mrr: 0.2709
Epoch16: discriminator embedding
Type:  w mr: 5.997 mrr: 0.276
Type:  l mr: 5.9623 mrr: 0.2736
Type:  t mr: 6.0221 mrr: 0.2349
Mr predicting and embedding writing of Epoch16 done!

Epoch17: d_loss 15.307972 , g_loss 0.606076
Epoch17: generator embedding
Type:  w mr: 5.9483 mrr: 0.2792
Type:  l mr: 5.9412 mrr: 0.2783
Type:  t mr: 5.9706 mrr: 0.2699
Epoch17: discriminator embedding
Type:  w mr: 5.9967 mrr: 0.2738
Type:  l mr: 6.0993 mrr: 0.2641
Type:  t mr: 6.0269 mrr: 0.2261
Mr predicting and embedding writing of Epoch17 done!

Epoch18: d_loss 14.290920 , g_loss 0.568258
Epoch18: generator embedding
Type:  w mr: 5.9414 mrr: 0.2798
Type:  l mr: 5.9407 mrr: 0.2776
Type:  t mr: 5.9409 mrr: 0.2702
Epoch18: discriminator embedding
Type:  w mr: 5.8712 mrr: 0.2825
Type:  l mr: 6.033 mrr: 0.2663
Type:  t mr: 5.9921 mrr: 0.2337
Mr predicting and embedding writing of Epoch18 done!

Epoch19: d_loss 284.306915 , g_loss 0.541604
Epoch19: generator embedding
Type:  w mr: 5.9428 mrr: 0.2802
Type:  l mr: 5.9032 mrr: 0.2788
Type:  t mr: 5.996 mrr: 0.2697
Epoch19: discriminator embedding
Type:  w mr: 5.9516 mrr: 0.2772
Type:  l mr: 5.989 mrr: 0.2714
Type:  t mr: 5.9563 mrr: 0.2493
Mr predicting and embedding writing of Epoch19 done!

Epoch20: d_loss 101.831909 , g_loss 0.513546
Epoch20: generator embedding
Type:  w mr: 5.9486 mrr: 0.2788
Type:  l mr: 5.9472 mrr: 0.2773
Type:  t mr: 6.0321 mrr: 0.2691
Epoch20: discriminator embedding
Type:  w mr: 5.9993 mrr: 0.2742
Type:  l mr: 5.9314 mrr: 0.2766
Type:  t mr: 6.0106 mrr: 0.2163
Mr predicting and embedding writing of Epoch20 done!

Epoch21: d_loss 9.979199 , g_loss 0.489290
Epoch21: generator embedding
Type:  w mr: 5.9618 mrr: 0.2796
Type:  l mr: 5.8586 mrr: 0.2813
Type:  t mr: 5.9492 mrr: 0.2709
Epoch21: discriminator embedding
Type:  w mr: 6.0587 mrr: 0.2699
Type:  l mr: 5.9907 mrr: 0.273
Type:  t mr: 6.0291 mrr: 0.2421
Mr predicting and embedding writing of Epoch21 done!

Epoch22: d_loss 112.410271 , g_loss 0.466884
Epoch22: generator embedding
Type:  w mr: 5.9506 mrr: 0.2799
Type:  l mr: 5.9146 mrr: 0.2803
Type:  t mr: 6.0339 mrr: 0.2654
Epoch22: discriminator embedding
Type:  w mr: 6.0589 mrr: 0.2685
Type:  l mr: 5.9817 mrr: 0.2721
Type:  t mr: 5.9887 mrr: 0.2381
Mr predicting and embedding writing of Epoch22 done!

Epoch23: d_loss 158.666489 , g_loss 0.443770
Epoch23: generator embedding
Type:  w mr: 5.9375 mrr: 0.2791
Type:  l mr: 5.8903 mrr: 0.2806
Type:  t mr: 6.0336 mrr: 0.2682
Epoch23: discriminator embedding
Type:  w mr: 5.9403 mrr: 0.2798
Type:  l mr: 5.9779 mrr: 0.2713
Type:  t mr: 6.0008 mrr: 0.2448
Mr predicting and embedding writing of Epoch23 done!

Epoch24: d_loss 211.733505 , g_loss 0.423339
Epoch24: generator embedding
Type:  w mr: 5.9411 mrr: 0.2781
Type:  l mr: 5.8959 mrr: 0.2809
Type:  t mr: 6.0178 mrr: 0.2671
Epoch24: discriminator embedding
Type:  w mr: 5.9903 mrr: 0.2755
Type:  l mr: 6.0189 mrr: 0.27
Type:  t mr: 5.9833 mrr: 0.247
Mr predicting and embedding writing of Epoch24 done!

Epoch25: d_loss 6.107873 , g_loss 0.410457
Epoch25: generator embedding
Type:  w mr: 5.9414 mrr: 0.2787
Type:  l mr: 5.9212 mrr: 0.2776
Type:  t mr: 6.0064 mrr: 0.2681
Epoch25: discriminator embedding
Type:  w mr: 5.9423 mrr: 0.2784
Type:  l mr: 5.9486 mrr: 0.2767
Type:  t mr: 6.0097 mrr: 0.2539
Mr predicting and embedding writing of Epoch25 done!

Epoch26: d_loss 253.636353 , g_loss 0.393712
Epoch26: generator embedding
Type:  w mr: 5.9594 mrr: 0.2777
Type:  l mr: 5.8353 mrr: 0.2836
Type:  t mr: 5.9651 mrr: 0.2712
Epoch26: discriminator embedding
Type:  w mr: 6.0165 mrr: 0.271
Type:  l mr: 6.021 mrr: 0.2717
Type:  t mr: 5.9959 mrr: 0.2596
Mr predicting and embedding writing of Epoch26 done!

Epoch27: d_loss 150.373230 , g_loss 0.375817
Epoch27: generator embedding
Type:  w mr: 5.9581 mrr: 0.2799
Type:  l mr: 5.9511 mrr: 0.2782
Type:  t mr: 5.9844 mrr: 0.2716
Epoch27: discriminator embedding
Type:  w mr: 5.9604 mrr: 0.2763
Type:  l mr: 6.0172 mrr: 0.2701
Type:  t mr: 6.0056 mrr: 0.2614
Mr predicting and embedding writing of Epoch27 done!

Epoch28: d_loss 17.470743 , g_loss 0.362921
Epoch28: generator embedding
Type:  w mr: 5.9614 mrr: 0.2774
Type:  l mr: 5.8591 mrr: 0.2844
Type:  t mr: 6.0091 mrr: 0.2692
Epoch28: discriminator embedding
Type:  w mr: 5.9141 mrr: 0.2822
Type:  l mr: 5.9861 mrr: 0.2752
Type:  t mr: 6.0069 mrr: 0.2575
Mr predicting and embedding writing of Epoch28 done!

Epoch29: d_loss 31.638062 , g_loss 0.343449
Epoch29: generator embedding
Type:  w mr: 5.9604 mrr: 0.2763
Type:  l mr: 5.8687 mrr: 0.2831
Type:  t mr: 5.9409 mrr: 0.273
Epoch29: discriminator embedding
Type:  w mr: 5.8917 mrr: 0.2805
Type:  l mr: 6.0035 mrr: 0.274
Type:  t mr: 5.9771 mrr: 0.2656
Mr predicting and embedding writing of Epoch29 done!

Epoch30: d_loss 228.646973 , g_loss 0.331251
Epoch30: generator embedding
Type:  w mr: 5.968 mrr: 0.2772
Type:  l mr: 5.9134 mrr: 0.2793
Type:  t mr: 6.0365 mrr: 0.2672
Epoch30: discriminator embedding
Type:  w mr: 5.9237 mrr: 0.2799
Type:  l mr: 5.9637 mrr: 0.2757
Type:  t mr: 6.009 mrr: 0.2621
Mr predicting and embedding writing of Epoch30 done!

Epoch31: d_loss 77.562210 , g_loss 0.314620
Epoch31: generator embedding
Type:  w mr: 5.9214 mrr: 0.2815
Type:  l mr: 5.914 mrr: 0.28
Type:  t mr: 5.9857 mrr: 0.2702
Epoch31: discriminator embedding
Type:  w mr: 6.0687 mrr: 0.2698
Type:  l mr: 5.9604 mrr: 0.2754
Type:  t mr: 5.9982 mrr: 0.2689
Mr predicting and embedding writing of Epoch31 done!

Epoch32: d_loss 4.083427 , g_loss 0.301689
Epoch32: generator embedding
Type:  w mr: 5.9957 mrr: 0.275
Type:  l mr: 5.9077 mrr: 0.2811
Type:  t mr: 6.034 mrr: 0.2681
Epoch32: discriminator embedding
Type:  w mr: 5.962 mrr: 0.277
Type:  l mr: 5.9371 mrr: 0.2763
Type:  t mr: 5.9761 mrr: 0.2553
Mr predicting and embedding writing of Epoch32 done!

Epoch33: d_loss 117.970299 , g_loss 0.285553
Epoch33: generator embedding
Type:  w mr: 5.9547 mrr: 0.2787
Type:  l mr: 5.8815 mrr: 0.2821
Type:  t mr: 5.987 mrr: 0.27
Epoch33: discriminator embedding
Type:  w mr: 5.9874 mrr: 0.2743
Type:  l mr: 5.9342 mrr: 0.2767
Type:  t mr: 6.0 mrr: 0.2649
Mr predicting and embedding writing of Epoch33 done!

Epoch34: d_loss 24.717382 , g_loss 0.275231
Epoch34: generator embedding
Type:  w mr: 6.0232 mrr: 0.2733
Type:  l mr: 5.9165 mrr: 0.2813
Type:  t mr: 5.9764 mrr: 0.2705
Epoch34: discriminator embedding
Type:  w mr: 6.0685 mrr: 0.27
Type:  l mr: 5.9848 mrr: 0.2734
Type:  t mr: 5.9735 mrr: 0.2393
Mr predicting and embedding writing of Epoch34 done!

Epoch35: d_loss 0.000000 , g_loss 0.262336
Epoch35: generator embedding
Type:  w mr: 5.9405 mrr: 0.2785
Type:  l mr: 5.9123 mrr: 0.2817
Type:  t mr: 6.0008 mrr: 0.2692
Epoch35: discriminator embedding
Type:  w mr: 5.9957 mrr: 0.2768
Type:  l mr: 5.9824 mrr: 0.273
Type:  t mr: 6.0123 mrr: 0.2635
Mr predicting and embedding writing of Epoch35 done!

Epoch36: d_loss 149.077271 , g_loss 0.248653
Epoch36: generator embedding
Type:  w mr: 6.0051 mrr: 0.2745
Type:  l mr: 5.9329 mrr: 0.2776
Type:  t mr: 5.97 mrr: 0.2728
Epoch36: discriminator embedding
Type:  w mr: 5.9645 mrr: 0.2766
Type:  l mr: 5.9748 mrr: 0.2746
Type:  t mr: 5.9847 mrr: 0.2546
Mr predicting and embedding writing of Epoch36 done!

Epoch37: d_loss 56.897663 , g_loss 0.240495
Epoch37: generator embedding
Type:  w mr: 5.9719 mrr: 0.278
Type:  l mr: 5.9378 mrr: 0.279
Type:  t mr: 5.9057 mrr: 0.2766
Epoch37: discriminator embedding
Type:  w mr: 6.0935 mrr: 0.2697
Type:  l mr: 5.981 mrr: 0.2754
Type:  t mr: 5.9939 mrr: 0.2552
Mr predicting and embedding writing of Epoch37 done!

Epoch38: d_loss 2.941535 , g_loss 0.221275
Epoch38: generator embedding
Type:  w mr: 5.9716 mrr: 0.2768
Type:  l mr: 5.8727 mrr: 0.2822
Type:  t mr: 5.9677 mrr: 0.27
Epoch38: discriminator embedding
Type:  w mr: 5.949 mrr: 0.2789
Type:  l mr: 5.9943 mrr: 0.2738
Type:  t mr: 5.997 mrr: 0.2668
Mr predicting and embedding writing of Epoch38 done!

Epoch39: d_loss 67.939056 , g_loss 0.208427
Epoch39: generator embedding
Type:  w mr: 5.9711 mrr: 0.2771
Type:  l mr: 5.9821 mrr: 0.2752
Type:  t mr: 5.9185 mrr: 0.2716
Epoch39: discriminator embedding
Type:  w mr: 6.0336 mrr: 0.2737
Type:  l mr: 6.0699 mrr: 0.2689
Type:  t mr: 6.0009 mrr: 0.2641
Mr predicting and embedding writing of Epoch39 done!

Epoch40: d_loss 112.350746 , g_loss 0.199609
Epoch40: generator embedding
Type:  w mr: 5.9279 mrr: 0.2766
Type:  l mr: 5.888 mrr: 0.2814
Type:  t mr: 6.0467 mrr: 0.2653
Epoch40: discriminator embedding
Type:  w mr: 6.0423 mrr: 0.2727
Type:  l mr: 6.0741 mrr: 0.2669
Type:  t mr: 5.9765 mrr: 0.2674
Mr predicting and embedding writing of Epoch40 done!

Epoch41: d_loss 168.914474 , g_loss 0.189379
Epoch41: generator embedding
Type:  w mr: 5.9916 mrr: 0.2753
Type:  l mr: 5.9004 mrr: 0.2822
Type:  t mr: 5.9901 mrr: 0.2689
Epoch41: discriminator embedding
Type:  w mr: 5.9875 mrr: 0.2767
Type:  l mr: 6.0168 mrr: 0.275
Type:  t mr: 5.986 mrr: 0.2663
Mr predicting and embedding writing of Epoch41 done!

Epoch42: d_loss 47.502777 , g_loss 0.182513
Epoch42: generator embedding
Type:  w mr: 5.9315 mrr: 0.2796
Type:  l mr: 5.8609 mrr: 0.2818
Type:  t mr: 5.9496 mrr: 0.272
Epoch42: discriminator embedding
Type:  w mr: 5.9653 mrr: 0.2774
Type:  l mr: 5.9772 mrr: 0.2739
Type:  t mr: 5.9931 mrr: 0.2667
Mr predicting and embedding writing of Epoch42 done!

Epoch43: d_loss 35.577515 , g_loss 0.168989
Epoch43: generator embedding
Type:  w mr: 5.9787 mrr: 0.2767
Type:  l mr: 5.8573 mrr: 0.2845
Type:  t mr: 5.9426 mrr: 0.2695
Epoch43: discriminator embedding
Type:  w mr: 6.0343 mrr: 0.2705
Type:  l mr: 6.0109 mrr: 0.2704
Type:  t mr: 6.0514 mrr: 0.2568
Mr predicting and embedding writing of Epoch43 done!

Epoch44: d_loss 191.257843 , g_loss 0.159401
Epoch44: generator embedding
Type:  w mr: 5.9539 mrr: 0.2802
Type:  l mr: 5.9391 mrr: 0.2784
Type:  t mr: 6.0316 mrr: 0.2676
Epoch44: discriminator embedding
Type:  w mr: 6.0201 mrr: 0.2739
Type:  l mr: 5.9775 mrr: 0.2768
Type:  t mr: 6.0065 mrr: 0.2665
Mr predicting and embedding writing of Epoch44 done!

